{"numFailedTestSuites":1,"numFailedTests":2,"numPassedTestSuites":1,"numPassedTests":19,"numPendingTestSuites":0,"numPendingTests":0,"numRuntimeErrorTestSuites":0,"numTodoTests":0,"numTotalTestSuites":2,"numTotalTests":21,"openHandles":[],"snapshot":{"added":0,"didUpdate":false,"failure":false,"filesAdded":0,"filesRemoved":0,"filesRemovedList":[],"filesUnmatched":0,"filesUpdated":0,"matched":0,"total":0,"unchecked":0,"uncheckedKeysByFile":[],"unmatched":0,"updated":0},"startTime":1772734351853,"success":false,"testResults":[{"assertionResults":[{"ancestorTitles":["ParqueaderosService"],"duration":29,"failing":false,"failureDetails":[],"failureMessages":[],"fullName":"ParqueaderosService should be defined","invocations":1,"location":null,"numPassingAsserts":1,"retryReasons":[],"startAt":1772734355948,"status":"passed","title":"should be defined"},{"ancestorTitles":["ParqueaderosService","crear"],"duration":16,"failing":false,"failureDetails":[],"failureMessages":[],"fullName":"ParqueaderosService crear CS00001","invocations":1,"location":null,"numPassingAsserts":5,"retryReasons":[],"startAt":1772734355981,"status":"passed","title":"CS00001"},{"ancestorTitles":["ParqueaderosService","crear"],"duration":49,"failing":false,"failureDetails":[{"matcherResult":{"message":"\u001b[2mexpect(\u001b[22m\u001b[31mjest.fn()\u001b[39m\u001b[2m).\u001b[22mnot\u001b[2m.\u001b[22mtoHaveBeenCalled\u001b[2m()\u001b[22m\n\nExpected number of calls: \u001b[32m0\u001b[39m\nReceived number of calls: \u001b[31m1\u001b[39m\n\n1: \u001b[31m{\"capacidadTotal\": 100, \"empresa\": null, \"nombre\": \"Central\", \"ubicacion\": \"Centro\"}\u001b[39m","pass":true}}],"failureMessages":["Error: \u001b[2mexpect(\u001b[22m\u001b[31mjest.fn()\u001b[39m\u001b[2m).\u001b[22mnot\u001b[2m.\u001b[22mtoHaveBeenCalled\u001b[2m()\u001b[22m\n\nExpected number of calls: \u001b[32m0\u001b[39m\nReceived number of calls: \u001b[31m1\u001b[39m\n\n1: \u001b[31m{\"capacidadTotal\": 100, \"empresa\": null, \"nombre\": \"Central\", \"ubicacion\": \"Centro\"}\u001b[39m\n    at Object.<anonymous> (C:\\Users\\Josué\\Downloads\\6 Semestre\\Desarrollo Web\\parkontrol_web\\backend\\src\\parqueaderos\\parqueaderos.service.spec.ts:185:37)"],"fullName":"ParqueaderosService crear CS00002","invocations":1,"location":null,"numPassingAsserts":2,"retryReasons":[],"startAt":1772734355999,"status":"failed","title":"CS00002"},{"ancestorTitles":["ParqueaderosService","crear"],"duration":43,"failing":false,"failureDetails":[{"matcherResult":{"message":"\u001b[2mexpect(\u001b[22m\u001b[31mreceived\u001b[39m\u001b[2m).\u001b[22mrejects\u001b[2m.\u001b[22mtoThrow\u001b[2m(\u001b[22m\u001b[32mexpected\u001b[39m\u001b[2m)\u001b[22m\n\nExpected substring: \u001b[32m\"No se pudo guardar el parqueadero\"\u001b[39m\nReceived message:   \u001b[31m\"Cannot read properties of null (reading 'id')\"\u001b[39m\n\n    \u001b[0m \u001b[90m  9 |\u001b[39m\n     \u001b[90m 10 |\u001b[39m   constructor(parqueadero\u001b[33m:\u001b[39m \u001b[33mParqueadero\u001b[39m) {\n    \u001b[31m\u001b[1m>\u001b[22m\u001b[39m\u001b[90m 11 |\u001b[39m     \u001b[36mthis\u001b[39m\u001b[33m.\u001b[39mid \u001b[33m=\u001b[39m parqueadero\u001b[33m.\u001b[39mid\u001b[33m;\u001b[39m\n     \u001b[90m    |\u001b[39m                           \u001b[31m\u001b[1m^\u001b[22m\u001b[39m\n     \u001b[90m 12 |\u001b[39m     \u001b[36mthis\u001b[39m\u001b[33m.\u001b[39mnombre \u001b[33m=\u001b[39m parqueadero\u001b[33m.\u001b[39mnombre\u001b[33m;\u001b[39m\n     \u001b[90m 13 |\u001b[39m     \u001b[36mthis\u001b[39m\u001b[33m.\u001b[39mcapacidadTotal \u001b[33m=\u001b[39m parqueadero\u001b[33m.\u001b[39mcapacidadTotal\u001b[33m;\u001b[39m\n     \u001b[90m 14 |\u001b[39m     \u001b[36mthis\u001b[39m\u001b[33m.\u001b[39mubicacion \u001b[33m=\u001b[39m parqueadero\u001b[33m.\u001b[39mubicacion\u001b[33m;\u001b[39m\u001b[0m\n\n      \u001b[2mat new ParqueaderoResponseDto (\u001b[22msrc/parqueaderos/entities/dto/parqueadero-response.dto.ts\u001b[2m:11:27)\u001b[22m\n      \u001b[2mat ParqueaderosService.crear (\u001b[22msrc/parqueaderos/parqueaderos.service.ts\u001b[2m:45:12)\u001b[22m\n      \u001b[2mat Object.<anonymous> (\u001b[22msrc/parqueaderos/parqueaderos.service.spec.ts\u001b[2m:222:7)\u001b[22m","pass":false},"message":"\u001b[2mexpect(\u001b[22m\u001b[31mreceived\u001b[39m\u001b[2m).\u001b[22mrejects\u001b[2m.\u001b[22mtoThrow\u001b[2m(\u001b[22m\u001b[32mexpected\u001b[39m\u001b[2m)\u001b[22m\n\nExpected substring: \u001b[32m\"No se pudo guardar el parqueadero\"\u001b[39m\nReceived message:   \u001b[31m\"Cannot read properties of null (reading 'id')\"\u001b[39m\n\n    \u001b[0m \u001b[90m  9 |\u001b[39m\n     \u001b[90m 10 |\u001b[39m   constructor(parqueadero\u001b[33m:\u001b[39m \u001b[33mParqueadero\u001b[39m) {\n    \u001b[31m\u001b[1m>\u001b[22m\u001b[39m\u001b[90m 11 |\u001b[39m     \u001b[36mthis\u001b[39m\u001b[33m.\u001b[39mid \u001b[33m=\u001b[39m parqueadero\u001b[33m.\u001b[39mid\u001b[33m;\u001b[39m\n     \u001b[90m    |\u001b[39m                           \u001b[31m\u001b[1m^\u001b[22m\u001b[39m\n     \u001b[90m 12 |\u001b[39m     \u001b[36mthis\u001b[39m\u001b[33m.\u001b[39mnombre \u001b[33m=\u001b[39m parqueadero\u001b[33m.\u001b[39mnombre\u001b[33m;\u001b[39m\n     \u001b[90m 13 |\u001b[39m     \u001b[36mthis\u001b[39m\u001b[33m.\u001b[39mcapacidadTotal \u001b[33m=\u001b[39m parqueadero\u001b[33m.\u001b[39mcapacidadTotal\u001b[33m;\u001b[39m\n     \u001b[90m 14 |\u001b[39m     \u001b[36mthis\u001b[39m\u001b[33m.\u001b[39mubicacion \u001b[33m=\u001b[39m parqueadero\u001b[33m.\u001b[39mubicacion\u001b[33m;\u001b[39m\u001b[0m\n\n      \u001b[2mat new ParqueaderoResponseDto (\u001b[22msrc/parqueaderos/entities/dto/parqueadero-response.dto.ts\u001b[2m:11:27)\u001b[22m\n      \u001b[2mat ParqueaderosService.crear (\u001b[22msrc/parqueaderos/parqueaderos.service.ts\u001b[2m:45:12)\u001b[22m\n      \u001b[2mat Object.<anonymous> (\u001b[22msrc/parqueaderos/parqueaderos.service.spec.ts\u001b[2m:222:7)\u001b[22m"}],"failureMessages":["Error: \u001b[2mexpect(\u001b[22m\u001b[31mreceived\u001b[39m\u001b[2m).\u001b[22mrejects\u001b[2m.\u001b[22mtoThrow\u001b[2m(\u001b[22m\u001b[32mexpected\u001b[39m\u001b[2m)\u001b[22m\n\nExpected substring: \u001b[32m\"No se pudo guardar el parqueadero\"\u001b[39m\nReceived message:   \u001b[31m\"Cannot read properties of null (reading 'id')\"\u001b[39m\n\n    \u001b[0m \u001b[90m  9 |\u001b[39m\n     \u001b[90m 10 |\u001b[39m   constructor(parqueadero\u001b[33m:\u001b[39m \u001b[33mParqueadero\u001b[39m) {\n    \u001b[31m\u001b[1m>\u001b[22m\u001b[39m\u001b[90m 11 |\u001b[39m     \u001b[36mthis\u001b[39m\u001b[33m.\u001b[39mid \u001b[33m=\u001b[39m parqueadero\u001b[33m.\u001b[39mid\u001b[33m;\u001b[39m\n     \u001b[90m    |\u001b[39m                           \u001b[31m\u001b[1m^\u001b[22m\u001b[39m\n     \u001b[90m 12 |\u001b[39m     \u001b[36mthis\u001b[39m\u001b[33m.\u001b[39mnombre \u001b[33m=\u001b[39m parqueadero\u001b[33m.\u001b[39mnombre\u001b[33m;\u001b[39m\n     \u001b[90m 13 |\u001b[39m     \u001b[36mthis\u001b[39m\u001b[33m.\u001b[39mcapacidadTotal \u001b[33m=\u001b[39m parqueadero\u001b[33m.\u001b[39mcapacidadTotal\u001b[33m;\u001b[39m\n     \u001b[90m 14 |\u001b[39m     \u001b[36mthis\u001b[39m\u001b[33m.\u001b[39mubicacion \u001b[33m=\u001b[39m parqueadero\u001b[33m.\u001b[39mubicacion\u001b[33m;\u001b[39m\u001b[0m\n\n      \u001b[2mat new ParqueaderoResponseDto (\u001b[22msrc/parqueaderos/entities/dto/parqueadero-response.dto.ts\u001b[2m:11:27)\u001b[22m\n      \u001b[2mat ParqueaderosService.crear (\u001b[22msrc/parqueaderos/parqueaderos.service.ts\u001b[2m:45:12)\u001b[22m\n      \u001b[2mat Object.<anonymous> (\u001b[22msrc/parqueaderos/parqueaderos.service.spec.ts\u001b[2m:222:7)\u001b[22m\n    at Object.toThrow (C:\\Users\\Josué\\Downloads\\6 Semestre\\Desarrollo Web\\parkontrol_web\\backend\\node_modules\\expect\\build\\index.js:2155:20)\n    at Object.<anonymous> (C:\\Users\\Josué\\Downloads\\6 Semestre\\Desarrollo Web\\parkontrol_web\\backend\\src\\parqueaderos\\parqueaderos.service.spec.ts:224:10)\n    at Promise.finally.completed (C:\\Users\\Josué\\Downloads\\6 Semestre\\Desarrollo Web\\parkontrol_web\\backend\\node_modules\\jest-circus\\build\\jestAdapterInit.js:1557:28)\n    at new Promise (<anonymous>)\n    at callAsyncCircusFn (C:\\Users\\Josué\\Downloads\\6 Semestre\\Desarrollo Web\\parkontrol_web\\backend\\node_modules\\jest-circus\\build\\jestAdapterInit.js:1497:10)\n    at _callCircusTest (C:\\Users\\Josué\\Downloads\\6 Semestre\\Desarrollo Web\\parkontrol_web\\backend\\node_modules\\jest-circus\\build\\jestAdapterInit.js:1007:40)\n    at _runTest (C:\\Users\\Josué\\Downloads\\6 Semestre\\Desarrollo Web\\parkontrol_web\\backend\\node_modules\\jest-circus\\build\\jestAdapterInit.js:947:3)\n    at C:\\Users\\Josué\\Downloads\\6 Semestre\\Desarrollo Web\\parkontrol_web\\backend\\node_modules\\jest-circus\\build\\jestAdapterInit.js:849:7\n    at _runTestsForDescribeBlock (C:\\Users\\Josué\\Downloads\\6 Semestre\\Desarrollo Web\\parkontrol_web\\backend\\node_modules\\jest-circus\\build\\jestAdapterInit.js:862:11)\n    at _runTestsForDescribeBlock (C:\\Users\\Josué\\Downloads\\6 Semestre\\Desarrollo Web\\parkontrol_web\\backend\\node_modules\\jest-circus\\build\\jestAdapterInit.js:857:11)\n    at _runTestsForDescribeBlock (C:\\Users\\Josué\\Downloads\\6 Semestre\\Desarrollo Web\\parkontrol_web\\backend\\node_modules\\jest-circus\\build\\jestAdapterInit.js:857:11)\n    at run (C:\\Users\\Josué\\Downloads\\6 Semestre\\Desarrollo Web\\parkontrol_web\\backend\\node_modules\\jest-circus\\build\\jestAdapterInit.js:761:3)\n    at runAndTransformResultsToJestFormat (C:\\Users\\Josué\\Downloads\\6 Semestre\\Desarrollo Web\\parkontrol_web\\backend\\node_modules\\jest-circus\\build\\jestAdapterInit.js:1918:21)\n    at jestAdapter (C:\\Users\\Josué\\Downloads\\6 Semestre\\Desarrollo Web\\parkontrol_web\\backend\\node_modules\\jest-circus\\build\\runner.js:101:19)\n    at runTestInternal (C:\\Users\\Josué\\Downloads\\6 Semestre\\Desarrollo Web\\parkontrol_web\\backend\\node_modules\\jest-runner\\build\\index.js:275:16)\n    at runTest (C:\\Users\\Josué\\Downloads\\6 Semestre\\Desarrollo Web\\parkontrol_web\\backend\\node_modules\\jest-runner\\build\\index.js:343:7)"],"fullName":"ParqueaderosService crear CS00003","invocations":1,"location":null,"numPassingAsserts":0,"retryReasons":[],"startAt":1772734356050,"status":"failed","title":"CS00003"},{"ancestorTitles":["ParqueaderosService","crear"],"duration":8,"failing":false,"failureDetails":[],"failureMessages":[],"fullName":"ParqueaderosService crear CS00004","invocations":1,"location":null,"numPassingAsserts":5,"retryReasons":[],"startAt":1772734356101,"status":"passed","title":"CS00004"},{"ancestorTitles":["ParqueaderosService","findAllConDisponibilidad"],"duration":5,"failing":false,"failureDetails":[],"failureMessages":[],"fullName":"ParqueaderosService findAllConDisponibilidad CS0005 - retorna lista vacía si no hay parqueaderos","invocations":1,"location":null,"numPassingAsserts":4,"retryReasons":[],"startAt":1772734356111,"status":"passed","title":"CS0005 - retorna lista vacía si no hay parqueaderos"},{"ancestorTitles":["ParqueaderosService","findAllConDisponibilidad"],"duration":7,"failing":false,"failureDetails":[],"failureMessages":[],"fullName":"ParqueaderosService findAllConDisponibilidad CS0006 - lanza error si falla la consulta a DB","invocations":1,"location":null,"numPassingAsserts":2,"retryReasons":[],"startAt":1772734356118,"status":"passed","title":"CS0006 - lanza error si falla la consulta a DB"},{"ancestorTitles":["ParqueaderosService","findAllConDisponibilidad"],"duration":10,"failing":false,"failureDetails":[],"failureMessages":[],"fullName":"ParqueaderosService findAllConDisponibilidad CS0007 - falla dentro del for en count","invocations":1,"location":null,"numPassingAsserts":2,"retryReasons":[],"startAt":1772734356128,"status":"passed","title":"CS0007 - falla dentro del for en count"},{"ancestorTitles":["ParqueaderosService","findAllConDisponibilidad"],"duration":8,"failing":false,"failureDetails":[],"failureMessages":[],"fullName":"ParqueaderosService findAllConDisponibilidad CS0008 - falla asegurarCapacidadCeldas","invocations":1,"location":null,"numPassingAsserts":2,"retryReasons":[],"startAt":1772734356141,"status":"passed","title":"CS0008 - falla asegurarCapacidadCeldas"},{"ancestorTitles":["ParqueaderosService","findAllConDisponibilidad"],"duration":6,"failing":false,"failureDetails":[],"failureMessages":[],"fullName":"ParqueaderosService findAllConDisponibilidad CS0009 - retorna parqueaderos con disponibilidad cuando todo funciona bien","invocations":1,"location":null,"numPassingAsserts":6,"retryReasons":[],"startAt":1772734356152,"status":"passed","title":"CS0009 - retorna parqueaderos con disponibilidad cuando todo funciona bien"},{"ancestorTitles":["ParqueaderosService","asegurarCapacidadCeldas"],"duration":3,"failing":false,"failureDetails":[],"failureMessages":[],"fullName":"ParqueaderosService asegurarCapacidadCeldas CS00010 - termina si capacidad es 0","invocations":1,"location":null,"numPassingAsserts":3,"retryReasons":[],"startAt":1772734356160,"status":"passed","title":"CS00010 - termina si capacidad es 0"},{"ancestorTitles":["ParqueaderosService","asegurarCapacidadCeldas"],"duration":10,"failing":false,"failureDetails":[],"failureMessages":[],"fullName":"ParqueaderosService asegurarCapacidadCeldas CS00011 - termina si ya cumple capacidad","invocations":1,"location":null,"numPassingAsserts":2,"retryReasons":[],"startAt":1772734356165,"status":"passed","title":"CS00011 - termina si ya cumple capacidad"},{"ancestorTitles":["ParqueaderosService","asegurarCapacidadCeldas"],"duration":4,"failing":false,"failureDetails":[],"failureMessages":[],"fullName":"ParqueaderosService asegurarCapacidadCeldas CS00012 - falla si obtenerTipoCeldaDefault lanza error","invocations":1,"location":null,"numPassingAsserts":2,"retryReasons":[],"startAt":1772734356177,"status":"passed","title":"CS00012 - falla si obtenerTipoCeldaDefault lanza error"},{"ancestorTitles":["ParqueaderosService","asegurarCapacidadCeldas"],"duration":4,"failing":false,"failureDetails":[],"failureMessages":[],"fullName":"ParqueaderosService asegurarCapacidadCeldas CS00013 - falla si guardar sensores falla","invocations":1,"location":null,"numPassingAsserts":1,"retryReasons":[],"startAt":1772734356183,"status":"passed","title":"CS00013 - falla si guardar sensores falla"},{"ancestorTitles":["ParqueaderosService","asegurarCapacidadCeldas"],"duration":5,"failing":false,"failureDetails":[],"failureMessages":[],"fullName":"ParqueaderosService asegurarCapacidadCeldas CS00014 - falla si guardar celdas falla","invocations":1,"location":null,"numPassingAsserts":1,"retryReasons":[],"startAt":1772734356189,"status":"passed","title":"CS00014 - falla si guardar celdas falla"},{"ancestorTitles":["ParqueaderosService","asegurarCapacidadCeldas"],"duration":6,"failing":false,"failureDetails":[],"failureMessages":[],"fullName":"ParqueaderosService asegurarCapacidadCeldas CS00026 - falla si create de celdas lanza error","invocations":1,"location":null,"numPassingAsserts":1,"retryReasons":[],"startAt":1772734356198,"status":"passed","title":"CS00026 - falla si create de celdas lanza error"},{"ancestorTitles":["ParqueaderosService","asegurarCapacidadCeldas"],"duration":9,"failing":false,"failureDetails":[],"failureMessages":[],"fullName":"ParqueaderosService asegurarCapacidadCeldas CS00027 - crea sensores y celdas correctamente","invocations":1,"location":null,"numPassingAsserts":4,"retryReasons":[],"startAt":1772734356206,"status":"passed","title":"CS00027 - crea sensores y celdas correctamente"}],"endTime":1772734356248,"message":"\u001b[1m\u001b[31m  \u001b[1m● \u001b[22m\u001b[1mParqueaderosService › crear › CS00002\u001b[39m\u001b[22m\n\n    \u001b[2mexpect(\u001b[22m\u001b[31mjest.fn()\u001b[39m\u001b[2m).\u001b[22mnot\u001b[2m.\u001b[22mtoHaveBeenCalled\u001b[2m()\u001b[22m\n\n    Expected number of calls: \u001b[32m0\u001b[39m\n    Received number of calls: \u001b[31m1\u001b[39m\n\n    1: \u001b[31m{\"capacidadTotal\": 100, \"empresa\": null, \"nombre\": \"Central\", \"ubicacion\": \"Centro\"}\u001b[39m\n\u001b[2m\u001b[22m\n\u001b[2m    \u001b[0m \u001b[90m 183 |\u001b[39m\u001b[22m\n\u001b[2m     \u001b[90m 184 |\u001b[39m       expect(empresasService\u001b[33m.\u001b[39mfindEmpresaById)\u001b[33m.\u001b[39mtoHaveBeenCalledWith(\u001b[35m99\u001b[39m)\u001b[33m;\u001b[39m\u001b[22m\n\u001b[2m    \u001b[31m\u001b[1m>\u001b[22m\u001b[2m\u001b[39m\u001b[90m 185 |\u001b[39m       expect(repository\u001b[33m.\u001b[39mcreate)\u001b[33m.\u001b[39mnot\u001b[33m.\u001b[39mtoHaveBeenCalled()\u001b[33m;\u001b[39m\u001b[22m\n\u001b[2m     \u001b[90m     |\u001b[39m                                     \u001b[31m\u001b[1m^\u001b[22m\u001b[2m\u001b[39m\u001b[22m\n\u001b[2m     \u001b[90m 186 |\u001b[39m       expect(repository\u001b[33m.\u001b[39msave)\u001b[33m.\u001b[39mnot\u001b[33m.\u001b[39mtoHaveBeenCalled()\u001b[33m;\u001b[39m\u001b[22m\n\u001b[2m     \u001b[90m 187 |\u001b[39m     })\u001b[33m;\u001b[39m\u001b[22m\n\u001b[2m     \u001b[90m 188 |\u001b[39m\u001b[0m\u001b[22m\n\u001b[2m\u001b[22m\n\u001b[2m      \u001b[2mat Object.<anonymous> (\u001b[22m\u001b[2m\u001b[0m\u001b[36mparqueaderos/parqueaderos.service.spec.ts\u001b[39m\u001b[0m\u001b[2m:185:37)\u001b[22m\u001b[2m\u001b[22m\n\n\u001b[1m\u001b[31m  \u001b[1m● \u001b[22m\u001b[1mParqueaderosService › crear › CS00003\u001b[39m\u001b[22m\n\n    \u001b[2mexpect(\u001b[22m\u001b[31mreceived\u001b[39m\u001b[2m).\u001b[22mrejects\u001b[2m.\u001b[22mtoThrow\u001b[2m(\u001b[22m\u001b[32mexpected\u001b[39m\u001b[2m)\u001b[22m\n\n    Expected substring: \u001b[32m\"No se pudo guardar el parqueadero\"\u001b[39m\n    Received message:   \u001b[31m\"Cannot read properties of null (reading 'id')\"\u001b[39m\n\n        \u001b[0m \u001b[90m  9 |\u001b[39m\n         \u001b[90m 10 |\u001b[39m   constructor(parqueadero\u001b[33m:\u001b[39m \u001b[33mParqueadero\u001b[39m) {\n        \u001b[31m\u001b[1m>\u001b[22m\u001b[39m\u001b[90m 11 |\u001b[39m     \u001b[36mthis\u001b[39m\u001b[33m.\u001b[39mid \u001b[33m=\u001b[39m parqueadero\u001b[33m.\u001b[39mid\u001b[33m;\u001b[39m\n         \u001b[90m    |\u001b[39m                           \u001b[31m\u001b[1m^\u001b[22m\u001b[39m\n         \u001b[90m 12 |\u001b[39m     \u001b[36mthis\u001b[39m\u001b[33m.\u001b[39mnombre \u001b[33m=\u001b[39m parqueadero\u001b[33m.\u001b[39mnombre\u001b[33m;\u001b[39m\n         \u001b[90m 13 |\u001b[39m     \u001b[36mthis\u001b[39m\u001b[33m.\u001b[39mcapacidadTotal \u001b[33m=\u001b[39m parqueadero\u001b[33m.\u001b[39mcapacidadTotal\u001b[33m;\u001b[39m\n         \u001b[90m 14 |\u001b[39m     \u001b[36mthis\u001b[39m\u001b[33m.\u001b[39mubicacion \u001b[33m=\u001b[39m parqueadero\u001b[33m.\u001b[39mubicacion\u001b[33m;\u001b[39m\u001b[0m\n\n          \u001b[2mat new ParqueaderoResponseDto (\u001b[22msrc/parqueaderos/entities/dto/parqueadero-response.dto.ts\u001b[2m:11:27)\u001b[22m\n          \u001b[2mat ParqueaderosService.crear (\u001b[22msrc/parqueaderos/parqueaderos.service.ts\u001b[2m:45:12)\u001b[22m\n          \u001b[2mat Object.<anonymous> (\u001b[22msrc/parqueaderos/parqueaderos.service.spec.ts\u001b[2m:222:7)\u001b[22m\n\u001b[2m\u001b[22m\n\u001b[2m    \u001b[0m \u001b[90m 222 |\u001b[39m       \u001b[36mawait\u001b[39m expect(service\u001b[33m.\u001b[39mcrear(dto \u001b[36mas\u001b[39m any))\u001b[22m\n\u001b[2m     \u001b[90m 223 |\u001b[39m         \u001b[33m.\u001b[39mrejects\u001b[22m\n\u001b[2m    \u001b[31m\u001b[1m>\u001b[22m\u001b[2m\u001b[39m\u001b[90m 224 |\u001b[39m         \u001b[33m.\u001b[39mtoThrow(\u001b[32m'No se pudo guardar el parqueadero'\u001b[39m)\u001b[33m;\u001b[39m\u001b[22m\n\u001b[2m     \u001b[90m     |\u001b[39m          \u001b[31m\u001b[1m^\u001b[22m\u001b[2m\u001b[39m\u001b[22m\n\u001b[2m     \u001b[90m 225 |\u001b[39m\u001b[22m\n\u001b[2m     \u001b[90m 226 |\u001b[39m       expect(empresasService\u001b[33m.\u001b[39mfindEmpresaById)\u001b[33m.\u001b[39mtoHaveBeenCalledWith(\u001b[35m1\u001b[39m)\u001b[33m;\u001b[39m\u001b[22m\n\u001b[2m     \u001b[90m 227 |\u001b[39m       expect(repository\u001b[33m.\u001b[39mcreate)\u001b[33m.\u001b[39mtoHaveBeenCalled()\u001b[33m;\u001b[39m\u001b[0m\u001b[22m\n\u001b[2m\u001b[22m\n\u001b[2m      \u001b[2mat Object.toThrow (\u001b[22m\u001b[2m../node_modules/expect/build/index.js\u001b[2m:2155:20)\u001b[22m\u001b[2m\u001b[22m\n\u001b[2m      \u001b[2mat Object.<anonymous> (\u001b[22m\u001b[2m\u001b[0m\u001b[36mparqueaderos/parqueaderos.service.spec.ts\u001b[39m\u001b[0m\u001b[2m:224:10)\u001b[22m\u001b[2m\u001b[22m\n","name":"C:\\Users\\Josué\\Downloads\\6 Semestre\\Desarrollo Web\\parkontrol_web\\backend\\src\\parqueaderos\\parqueaderos.service.spec.ts","startTime":1772734352683,"status":"failed","summary":""},{"assertionResults":[{"ancestorTitles":["UsuariosService - Setup","cambiarContrasena"],"duration":23,"failing":false,"failureDetails":[],"failureMessages":[],"fullName":"UsuariosService - Setup cambiarContrasena CS00001 - debe lanzar NotFoundException si el usuario no existe (null)","invocations":1,"location":null,"numPassingAsserts":2,"retryReasons":[],"startAt":1772734356977,"status":"passed","title":"CS00001 - debe lanzar NotFoundException si el usuario no existe (null)"},{"ancestorTitles":["UsuariosService - Setup","cambiarContrasena"],"duration":6,"failing":false,"failureDetails":[],"failureMessages":[],"fullName":"UsuariosService - Setup cambiarContrasena CS0002 - debe lanzar error si la DB retorna un objeto vacío","invocations":1,"location":null,"numPassingAsserts":2,"retryReasons":[],"startAt":1772734357002,"status":"passed","title":"CS0002 - debe lanzar error si la DB retorna un objeto vacío"},{"ancestorTitles":["UsuariosService - Setup","cambiarContrasena"],"duration":4,"failing":false,"failureDetails":[],"failureMessages":[],"fullName":"UsuariosService - Setup cambiarContrasena CS00003 - debe lanzar BadRequestException si la contraseña actual es incorrecta","invocations":1,"location":null,"numPassingAsserts":3,"retryReasons":[],"startAt":1772734357011,"status":"passed","title":"CS00003 - debe lanzar BadRequestException si la contraseña actual es incorrecta"},{"ancestorTitles":["UsuariosService - Setup","cambiarContrasena"],"duration":9,"failing":false,"failureDetails":[],"failureMessages":[],"fullName":"UsuariosService - Setup cambiarContrasena CS00004 - debe lanzar error si falla el guardado del usuario en DB","invocations":1,"location":null,"numPassingAsserts":1,"retryReasons":[],"startAt":1772734357022,"status":"passed","title":"CS00004 - debe lanzar error si falla el guardado del usuario en DB"}],"endTime":1772734357034,"message":"","name":"C:\\Users\\Josué\\Downloads\\6 Semestre\\Desarrollo Web\\parkontrol_web\\backend\\src\\usuarios\\usuarios.service.spec.ts","startTime":1772734356281,"status":"passed","summary":""}],"wasInterrupted":false}
